TN:
SF:src\components\layout\Footer.tsx
FN:3,Footer
FNF:1
FNH:1
FNDA:2,Footer
DA:1,1
DA:3,1
DA:4,2
DA:5,2
DA:6,2
DA:7,2
DA:8,2
LF:7
LH:7
BRDA:3,0,0,2
BRF:1
BRH:1
end_of_record
TN:
SF:src\components\layout\Header.tsx
FN:50,onClick
FNF:1
FNH:1
FNDA:1,onClick
DA:1,1
DA:2,1
DA:3,1
DA:4,1
DA:6,1
DA:7,5
DA:9,5
DA:10,5
DA:11,5
DA:12,5
DA:13,5
DA:14,5
DA:15,5
DA:16,5
DA:17,5
DA:19,5
DA:21,5
DA:22,2
DA:23,2
DA:25,2
DA:26,2
DA:28,2
DA:29,2
DA:31,3
DA:32,3
DA:33,3
DA:34,2
DA:35,2
DA:37,2
DA:38,2
DA:40,2
DA:41,2
DA:43,3
DA:44,1
DA:46,1
DA:48,3
DA:49,3
DA:50,3
DA:52,3
DA:53,3
DA:54,3
DA:56,5
DA:57,5
DA:59,5
LF:44
LH:44
BRDA:6,0,0,5
BRDA:21,1,0,2
BRDA:29,2,0,3
BRDA:33,3,0,2
BRDA:43,4,0,1
BRDA:50,5,0,1
BRF:6
BRH:6
end_of_record
TN:
SF:src\components\layout\Layout.tsx
FN:6,Layout
FNF:1
FNH:1
FNDA:1,Layout
DA:1,1
DA:2,1
DA:3,1
DA:4,1
DA:6,1
DA:7,1
DA:8,1
DA:9,1
DA:10,1
DA:11,1
DA:12,1
DA:13,1
DA:14,1
DA:16,1
DA:17,1
DA:18,1
DA:19,1
LF:17
LH:17
BRDA:6,0,0,1
BRF:1
BRH:1
end_of_record
TN:
SF:src\components\layout\Main.tsx
FN:4,Main
FNF:1
FNH:1
FNDA:1,Main
DA:1,1
DA:2,1
DA:4,1
DA:5,1
DA:6,1
DA:7,1
LF:6
LH:6
BRDA:4,0,0,1
BRF:1
BRH:1
end_of_record
TN:
SF:src\components\main\AddVilla.tsx
FN:25,onSubmit
FN:56,onChange
FN:70,onChange
FN:86,onChange
FN:97,onChange
FN:115,onClick
FN:134,onChange
FN:151,onChange
FNF:8
FNH:2
FNDA:0,onSubmit
FNDA:0,onChange
FNDA:0,onChange
FNDA:0,onChange
FNDA:0,onChange
FNDA:1,onClick
FNDA:0,onChange
FNDA:1,onChange
DA:1,1
DA:2,1
DA:14,1
DA:15,1
DA:16,1
DA:17,1
DA:18,1
DA:20,1
DA:22,1
DA:23,5
DA:25,5
DA:26,0
DA:28,0
DA:29,0
DA:30,0
DA:31,0
DA:32,0
DA:34,5
DA:35,5
DA:36,5
DA:37,5
DA:38,5
DA:40,5
DA:42,5
DA:44,5
DA:45,4
DA:46,4
DA:47,4
DA:50,5
DA:51,5
DA:52,5
DA:53,5
DA:54,5
DA:55,5
DA:56,5
DA:57,5
DA:58,5
DA:60,5
DA:61,5
DA:62,5
DA:63,5
DA:64,5
DA:65,5
DA:66,5
DA:67,5
DA:68,0
DA:70,5
DA:71,0
DA:73,5
DA:74,5
DA:76,5
DA:77,5
DA:78,5
DA:79,5
DA:80,5
DA:81,5
DA:82,5
DA:83,5
DA:84,0
DA:86,5
DA:87,0
DA:89,5
DA:90,5
DA:92,5
DA:93,5
DA:94,5
DA:95,5
DA:96,5
DA:97,5
DA:98,5
DA:99,5
DA:100,5
DA:102,5
DA:103,3
DA:104,3
DA:105,3
DA:106,3
DA:107,3
DA:108,3
DA:109,3
DA:110,3
DA:112,3
DA:113,6
DA:114,6
DA:115,6
DA:116,1
DA:117,1
DA:118,1
DA:120,6
DA:121,6
DA:122,6
DA:123,3
DA:124,3
DA:127,5
DA:128,5
DA:129,5
DA:130,5
DA:131,5
DA:132,5
DA:133,5
DA:134,5
DA:135,5
DA:136,5
DA:138,5
DA:139,5
DA:140,5
DA:141,5
DA:142,5
DA:144,5
DA:146,5
DA:147,5
DA:148,5
DA:149,5
DA:150,5
DA:151,5
DA:152,1
DA:153,1
DA:154,1
DA:155,1
DA:156,1
DA:157,5
DA:158,5
DA:159,5
DA:160,0
DA:161,0
DA:162,0
DA:163,0
DA:164,0
DA:166,5
DA:168,5
DA:170,5
DA:172,5
DA:173,5
DA:174,5
DA:175,5
DA:176,5
DA:177,5
DA:178,5
DA:180,5
DA:181,5
DA:183,5
DA:184,5
DA:186,5
LF:143
LH:128
BRDA:22,0,0,5
BRDA:44,1,0,4
BRDA:67,2,0,0
BRDA:83,3,0,0
BRDA:102,4,0,3
BRDA:159,5,0,0
BRDA:112,6,0,6
BRDA:115,7,0,1
BRDA:151,8,0,1
BRF:9
BRH:6
end_of_record
TN:
SF:src\components\main\CustomerReservartions.tsx
FN:17,handlePageChange
FN:21,onCancel
FN:43,onChange
FNF:3
FNH:2
FNDA:1,handlePageChange
FNDA:0,onCancel
FNDA:1,onChange
DA:1,1
DA:2,1
DA:3,1
DA:4,1
DA:5,1
DA:7,1
DA:8,3
DA:9,3
DA:10,3
DA:11,3
DA:13,3
DA:14,3
DA:15,3
DA:17,3
DA:18,1
DA:19,1
DA:21,3
DA:22,0
DA:23,0
DA:24,0
DA:25,0
DA:26,0
DA:27,0
DA:29,3
DA:30,3
DA:31,3
DA:32,3
DA:33,3
DA:34,3
DA:35,3
DA:36,3
DA:37,3
DA:38,1
DA:39,1
DA:40,1
DA:41,1
DA:42,1
DA:43,1
DA:44,1
DA:46,1
DA:47,1
DA:48,1
DA:50,3
DA:52,3
LF:44
LH:38
BRDA:7,0,0,3
BRDA:37,1,0,1
BRDA:8,2,0,3
BRDA:17,3,0,1
BRDA:43,4,0,1
BRF:5
BRH:5
end_of_record
TN:
SF:src\components\main\EditVilla.tsx
FN:20,fetchVilla
FN:30,onSubmit
FN:65,onChange
FN:75,onChange
FN:88,onChange
FNF:5
FNH:4
FNDA:4,fetchVilla
FNDA:0,onSubmit
FNDA:1,onChange
FNDA:1,onChange
FNDA:1,onChange
DA:1,1
DA:2,1
DA:3,1
DA:4,1
DA:5,1
DA:6,1
DA:14,1
DA:16,1
DA:17,4
DA:18,4
DA:20,4
DA:21,4
DA:23,4
DA:24,4
DA:26,4
DA:27,4
DA:28,4
DA:30,4
DA:31,0
DA:32,0
DA:34,0
DA:35,0
DA:36,0
DA:37,0
DA:39,4
DA:40,1
DA:41,1
DA:43,3
DA:44,3
DA:45,3
DA:46,3
DA:47,3
DA:49,3
DA:51,3
DA:53,3
DA:54,2
DA:55,2
DA:56,2
DA:59,4
DA:60,4
DA:61,4
DA:62,4
DA:63,4
DA:64,4
DA:65,4
DA:66,4
DA:67,4
DA:69,4
DA:70,4
DA:71,4
DA:72,4
DA:73,4
DA:74,4
DA:75,4
DA:76,1
DA:78,4
DA:79,4
DA:81,4
DA:82,4
DA:83,4
DA:84,4
DA:85,4
DA:86,4
DA:87,4
DA:88,4
DA:89,1
DA:91,4
DA:92,4
DA:93,4
DA:95,4
DA:96,4
DA:97,4
DA:98,4
DA:99,4
DA:100,4
DA:101,4
DA:103,4
DA:104,4
DA:106,4
DA:107,4
DA:109,4
LF:81
LH:75
BRDA:16,0,0,4
BRDA:39,1,0,1
BRDA:41,2,0,3
BRDA:53,3,0,2
BRDA:20,4,0,4
BRDA:21,5,0,0
BRDA:26,6,0,4
BRDA:65,7,0,1
BRDA:75,8,0,1
BRDA:88,9,0,1
BRF:10
BRH:9
end_of_record
TN:
SF:src\components\main\Home.tsx
FN:18,handlePageChange
FNF:1
FNH:1
FNDA:1,handlePageChange
DA:1,1
DA:2,1
DA:3,1
DA:4,1
DA:5,1
DA:7,1
DA:8,3
DA:9,3
DA:10,3
DA:11,3
DA:13,3
DA:14,3
DA:16,2
DA:18,2
DA:19,1
DA:20,1
DA:22,2
DA:23,2
DA:24,2
DA:25,2
DA:26,2
DA:27,2
DA:28,2
DA:29,2
DA:31,2
LF:25
LH:25
BRDA:7,0,0,3
BRDA:14,1,0,1
BRDA:14,2,0,2
BRDA:8,3,0,3
BRDA:18,4,0,1
BRF:5
BRH:5
end_of_record
TN:
SF:src\components\main\Login.tsx
FN:18,onSubmit
FN:56,onChange
FN:68,onChange
FNF:3
FNH:3
FNDA:1,onSubmit
FNDA:1,onChange
FNDA:1,onChange
DA:1,1
DA:9,1
DA:10,1
DA:11,1
DA:12,1
DA:13,1
DA:15,1
DA:16,7
DA:18,7
DA:19,1
DA:20,1
DA:22,1
DA:23,0
DA:24,0
DA:25,1
DA:27,7
DA:28,7
DA:29,7
DA:30,7
DA:31,7
DA:32,7
DA:33,7
DA:34,7
DA:35,7
DA:36,7
DA:37,7
DA:38,7
DA:40,7
DA:42,7
DA:44,7
DA:45,1
DA:46,1
DA:47,1
DA:50,7
DA:51,7
DA:52,7
DA:53,7
DA:54,7
DA:55,7
DA:56,7
DA:57,1
DA:59,7
DA:60,7
DA:62,7
DA:63,7
DA:64,7
DA:65,7
DA:66,7
DA:67,7
DA:68,7
DA:69,1
DA:71,7
DA:72,7
DA:74,7
DA:75,7
DA:76,7
DA:77,7
DA:78,7
DA:79,7
DA:80,7
DA:82,7
DA:83,7
DA:85,7
DA:86,7
DA:88,7
LF:65
LH:63
BRDA:15,0,0,7
BRDA:44,1,0,1
BRDA:18,2,0,1
BRDA:22,3,0,0
BRDA:56,4,0,1
BRDA:57,5,0,1
BRDA:68,6,0,1
BRDA:69,7,0,1
BRF:8
BRH:7
end_of_record
TN:
SF:src\components\main\NotFound.tsx
FN:4,NotFound
FN:28,onClick
FNF:2
FNH:2
FNDA:2,NotFound
FNDA:1,onClick
DA:1,1
DA:2,1
DA:4,1
DA:5,2
DA:7,2
DA:8,2
DA:9,2
DA:10,2
DA:11,2
DA:12,2
DA:13,2
DA:15,2
DA:16,2
DA:18,2
DA:19,2
DA:21,2
DA:22,2
DA:24,2
DA:25,2
DA:26,2
DA:27,2
DA:28,2
DA:29,2
DA:31,2
DA:32,2
DA:33,2
DA:35,2
LF:27
LH:27
BRDA:4,0,0,2
BRDA:28,1,0,1
BRF:2
BRH:2
end_of_record
TN:
SF:src\components\main\OwnerProperties.tsx
FN:18,handlePageChange
FNF:1
FNH:1
FNDA:1,handlePageChange
DA:1,1
DA:2,1
DA:3,1
DA:4,1
DA:5,1
DA:7,1
DA:8,5
DA:9,5
DA:10,5
DA:11,5
DA:13,5
DA:14,5
DA:16,4
DA:18,4
DA:19,1
DA:20,1
DA:22,4
DA:23,4
DA:24,4
DA:25,2
DA:27,2
DA:29,2
DA:30,2
DA:31,2
DA:32,2
DA:33,2
DA:34,2
DA:35,2
DA:37,5
DA:39,5
LF:30
LH:30
BRDA:7,0,0,5
BRDA:14,1,0,1
BRDA:14,2,0,4
BRDA:24,3,0,2
BRDA:27,4,0,2
BRDA:8,5,0,5
BRDA:18,6,0,1
BRF:7
BRH:7
end_of_record
TN:
SF:src\components\main\Register.tsx
FN:20,onSubmit
FN:56,onChange
FN:68,onChange
FN:81,onChange
FN:95,onChange
FNF:5
FNH:4
FNDA:1,onSubmit
FNDA:1,onChange
FNDA:1,onChange
FNDA:1,onChange
FNDA:0,onChange
DA:1,1
DA:10,1
DA:11,1
DA:12,1
DA:13,1
DA:14,1
DA:15,1
DA:17,1
DA:18,8
DA:20,8
DA:21,1
DA:22,1
DA:23,1
DA:24,1
DA:25,1
DA:26,1
DA:27,1
DA:29,1
DA:30,0
DA:31,0
DA:32,1
DA:33,8
DA:34,8
DA:35,8
DA:36,8
DA:37,8
DA:39,8
DA:41,8
DA:43,8
DA:44,1
DA:45,1
DA:46,1
DA:49,8
DA:50,8
DA:51,8
DA:52,8
DA:53,8
DA:54,8
DA:55,8
DA:56,8
DA:57,1
DA:59,8
DA:60,8
DA:62,8
DA:63,8
DA:64,8
DA:65,8
DA:66,8
DA:67,8
DA:68,8
DA:69,1
DA:71,8
DA:72,8
DA:74,8
DA:75,8
DA:76,8
DA:77,8
DA:78,8
DA:79,8
DA:80,8
DA:81,8
DA:82,1
DA:84,8
DA:85,8
DA:87,8
DA:88,8
DA:89,8
DA:90,8
DA:91,8
DA:92,8
DA:93,8
DA:94,8
DA:95,8
DA:96,0
DA:99,8
DA:100,16
DA:101,16
DA:102,16
DA:103,8
DA:104,8
DA:106,8
DA:107,8
DA:108,8
DA:109,8
DA:110,8
DA:111,8
DA:112,8
DA:114,8
DA:115,8
DA:117,8
DA:118,8
DA:120,8
LF:92
LH:89
BRDA:17,0,0,8
BRDA:43,1,0,1
BRDA:20,2,0,1
BRDA:29,3,0,0
BRDA:56,4,0,1
BRDA:57,5,0,1
BRDA:68,6,0,1
BRDA:69,7,0,1
BRDA:81,8,0,1
BRDA:82,9,0,1
BRDA:99,10,0,16
BRF:11
BRH:10
end_of_record
TN:
SF:src\components\main\VillaDetails.tsx
FN:31,fetchVilla
FN:45,onEdit
FN:49,onDelete
FN:59,handleReserve
FN:79,handlePageChange
FN:140,onChange
FN:147,onChange
FN:204,onClick
FN:225,onChange
FN:237,onClose
FN:249,onClick
FN:260,onClose
FN:266,onClose
FNF:13
FNH:3
FNDA:3,fetchVilla
FNDA:1,onEdit
FNDA:0,onDelete
FNDA:0,handleReserve
FNDA:0,handlePageChange
FNDA:0,onChange
FNDA:0,onChange
FNDA:1,onClick
FNDA:0,onChange
FNDA:0,onClose
FNDA:0,onClick
FNDA:0,onClose
FNDA:0,onClose
DA:1,1
DA:13,1
DA:14,1
DA:15,1
DA:16,1
DA:17,1
DA:18,1
DA:19,1
DA:20,1
DA:21,1
DA:22,1
DA:23,1
DA:24,1
DA:25,1
DA:27,1
DA:28,4
DA:29,4
DA:31,4
DA:32,3
DA:34,3
DA:35,3
DA:37,4
DA:38,3
DA:39,3
DA:40,3
DA:41,3
DA:42,3
DA:43,4
DA:45,4
DA:46,1
DA:47,1
DA:49,4
DA:50,0
DA:52,0
DA:53,0
DA:54,0
DA:55,0
DA:56,0
DA:57,0
DA:59,4
DA:60,0
DA:62,0
DA:63,0
DA:64,0
DA:65,0
DA:66,0
DA:68,0
DA:69,0
DA:70,0
DA:71,0
DA:72,0
DA:73,0
DA:75,4
DA:76,4
DA:77,4
DA:79,4
DA:80,0
DA:81,0
DA:83,4
DA:84,1
DA:85,1
DA:87,3
DA:88,3
DA:89,3
DA:91,3
DA:92,3
DA:93,3
DA:94,3
DA:95,3
DA:96,3
DA:97,3
DA:98,1
DA:99,2
DA:101,4
DA:102,4
DA:103,4
DA:105,4
DA:106,4
DA:107,4
DA:108,4
DA:109,4
DA:110,4
DA:112,4
DA:113,4
DA:114,4
DA:115,4
DA:116,4
DA:117,4
DA:118,4
DA:119,4
DA:120,4
DA:121,4
DA:122,4
DA:125,4
DA:126,4
DA:127,4
DA:128,4
DA:129,4
DA:131,4
DA:132,1
DA:133,1
DA:134,1
DA:136,1
DA:137,1
DA:138,1
DA:139,1
DA:140,1
DA:141,1
DA:142,1
DA:143,1
DA:144,0
DA:145,0
DA:146,0
DA:147,0
DA:148,0
DA:149,0
DA:150,0
DA:151,0
DA:153,0
DA:154,0
DA:155,0
DA:156,0
DA:157,0
DA:158,0
DA:160,0
DA:162,1
DA:163,0
DA:164,0
DA:165,0
DA:166,0
DA:167,0
DA:168,0
DA:169,0
DA:170,0
DA:171,0
DA:173,1
DA:174,1
DA:177,4
DA:178,4
DA:179,4
DA:180,4
DA:181,4
DA:183,4
DA:184,1
DA:185,1
DA:186,1
DA:187,1
DA:188,1
DA:189,0
DA:190,0
DA:192,1
DA:194,1
DA:196,4
DA:197,2
DA:198,2
DA:200,2
DA:201,2
DA:202,2
DA:203,2
DA:204,2
DA:205,2
DA:207,2
DA:208,2
DA:210,4
DA:211,4
DA:212,4
DA:214,4
DA:215,2
DA:216,2
DA:217,2
DA:218,2
DA:219,2
DA:220,2
DA:221,1
DA:222,1
DA:223,1
DA:224,1
DA:225,1
DA:226,0
DA:228,1
DA:229,1
DA:230,1
DA:232,2
DA:235,4
DA:236,4
DA:237,4
DA:238,4
DA:239,4
DA:241,4
DA:242,4
DA:243,4
DA:244,4
DA:246,4
DA:247,4
DA:248,4
DA:249,4
DA:251,4
DA:252,4
DA:254,4
DA:255,4
DA:256,4
DA:258,4
DA:259,4
DA:260,4
DA:261,4
DA:262,4
DA:264,4
DA:265,4
DA:266,4
DA:267,4
DA:268,4
DA:269,4
DA:271,4
LF:213
LH:165
BRDA:27,0,0,4
BRDA:83,1,0,1
BRDA:85,2,0,3
BRDA:97,3,0,1
BRDA:98,4,0,2
BRDA:131,5,0,1
BRDA:143,6,0,0
BRDA:162,7,0,0
BRDA:163,8,0,0
BRDA:164,9,0,0
BRDA:183,10,0,1
BRDA:188,11,0,0
BRDA:189,12,0,0
BRDA:196,13,0,2
BRDA:214,14,0,2
BRDA:220,15,0,1
BRDA:244,16,0,3
BRDA:261,17,0,3
BRDA:267,18,0,3
BRDA:31,19,0,3
BRDA:32,20,0,0
BRDA:34,21,0,1
BRDA:37,22,0,3
BRDA:45,23,0,1
BRDA:204,24,0,1
BRF:25
BRH:18
end_of_record
TN:
SF:src\components\shared\AlertNotification.tsx
FNF:0
FNH:0
DA:1,1
DA:2,1
DA:10,1
DA:11,1
DA:12,6
DA:13,6
DA:14,6
DA:15,6
DA:16,6
DA:17,6
DA:19,6
DA:20,6
DA:21,6
DA:22,6
DA:24,6
DA:25,1
LF:16
LH:16
BRDA:11,0,0,6
BRF:1
BRH:1
end_of_record
TN:
SF:src\components\shared\LoadingSpinner.tsx
FN:13,zIndex
FNF:1
FNH:1
FNDA:23,zIndex
DA:1,1
DA:2,1
DA:8,1
DA:9,1
DA:10,18
DA:11,18
DA:12,18
DA:13,18
DA:14,18
DA:15,18
DA:16,18
DA:17,18
DA:19,18
DA:20,18
DA:22,1
LF:15
LH:15
BRDA:9,0,0,18
BRDA:13,1,0,23
BRF:2
BRH:2
end_of_record
TN:
SF:src\components\shared\ProtectedRoute.tsx
FN:1,(empty-report)
FNF:1
FNH:0
FNDA:0,(empty-report)
DA:1,0
DA:2,0
DA:3,0
DA:4,0
DA:10,0
DA:11,0
DA:12,0
DA:13,0
DA:15,0
DA:16,0
DA:17,0
DA:18,0
DA:19,0
DA:20,0
DA:21,0
DA:23,0
DA:24,0
LF:17
LH:0
BRDA:1,0,0,0
BRF:1
BRH:0
end_of_record
TN:
SF:src\components\shared\ReservationTable.tsx
FN:33,cancelIsDisabled
FN:34,onCancel
FN:83,onClick
FN:100,onClose
FN:113,onClick
FN:119,onClick
FNF:6
FNH:0
FNDA:0,cancelIsDisabled
FNDA:0,onCancel
FNDA:0,onClick
FNDA:0,onClose
FNDA:0,onClick
FNDA:0,onClick
DA:1,1
DA:19,1
DA:20,1
DA:29,1
DA:30,1
DA:31,4
DA:32,4
DA:33,4
DA:34,4
DA:35,4
DA:36,4
DA:37,3
DA:38,3
DA:40,3
DA:42,3
DA:44,1
DA:45,1
DA:46,1
DA:48,1
DA:49,1
DA:50,1
DA:51,1
DA:52,1
DA:53,1
DA:54,1
DA:55,1
DA:56,1
DA:57,1
DA:58,1
DA:59,4
DA:60,4
DA:61,4
DA:62,4
DA:63,1
DA:64,1
DA:65,1
DA:66,1
DA:67,1
DA:68,1
DA:69,1
DA:70,1
DA:71,1
DA:72,1
DA:73,1
DA:74,1
DA:75,1
DA:76,1
DA:77,0
DA:78,0
DA:79,0
DA:80,0
DA:81,0
DA:82,0
DA:83,0
DA:84,0
DA:86,0
DA:88,0
DA:89,0
DA:91,1
DA:92,1
DA:93,4
DA:94,4
DA:95,4
DA:96,4
DA:98,4
DA:99,4
DA:100,4
DA:101,4
DA:102,4
DA:104,4
DA:105,4
DA:106,4
DA:109,4
DA:110,4
DA:111,4
DA:112,4
DA:113,4
DA:114,4
DA:115,4
DA:117,4
DA:118,4
DA:119,4
DA:120,0
DA:121,0
DA:122,0
DA:123,0
DA:124,0
DA:125,4
DA:126,4
DA:127,4
DA:129,4
DA:130,4
DA:131,4
DA:132,4
DA:134,4
DA:135,1
LF:96
LH:80
BRDA:30,0,0,4
BRDA:36,1,0,3
BRDA:42,2,0,1
BRDA:58,3,0,0
BRDA:62,4,0,1
BRDA:76,5,0,0
BRF:6
BRH:4
end_of_record
TN:
SF:src\components\shared\VillaCard.tsx
FN:16,VillaCard
FN:18,handleDetailsClick
FNF:2
FNH:1
FNDA:2,VillaCard
FNDA:0,handleDetailsClick
DA:1,1
DA:9,1
DA:10,1
DA:16,1
DA:17,2
DA:18,2
DA:19,0
DA:20,0
DA:22,2
DA:23,2
DA:24,2
DA:25,2
DA:26,2
DA:27,2
DA:28,2
DA:29,2
DA:30,0
DA:32,2
DA:33,2
DA:34,2
DA:35,2
DA:36,2
DA:37,2
DA:38,2
DA:39,2
DA:40,2
DA:41,2
DA:42,2
DA:43,2
DA:45,2
DA:46,2
DA:47,2
DA:48,2
DA:50,2
DA:51,2
DA:52,2
DA:54,2
LF:37
LH:34
BRDA:16,0,0,2
BRDA:29,1,0,0
BRF:2
BRH:1
end_of_record
TN:
SF:src\components\shared\VillaMissing.tsx
FN:4,VillaMissing
FNF:1
FNH:1
FNDA:2,VillaMissing
DA:1,1
DA:2,1
DA:4,1
DA:5,2
DA:6,2
DA:7,2
DA:8,2
DA:9,2
DA:10,2
DA:11,2
DA:13,2
DA:14,2
DA:16,2
DA:17,2
DA:19,2
DA:20,2
LF:16
LH:16
BRDA:4,0,0,2
BRF:1
BRH:1
end_of_record
TN:
SF:src\components\shared\VillasContainer.tsx
FN:36,onChange
FNF:1
FNH:1
FNDA:2,onChange
DA:1,1
DA:3,1
DA:4,1
DA:14,1
DA:15,1
DA:16,4
DA:17,4
DA:18,4
DA:19,4
DA:20,4
DA:21,4
DA:22,4
DA:23,4
DA:24,4
DA:26,4
DA:27,2
DA:28,4
DA:29,4
DA:31,4
DA:32,3
DA:33,3
DA:34,3
DA:35,3
DA:36,3
DA:37,3
DA:38,3
DA:39,3
DA:41,4
DA:43,4
DA:44,1
LF:30
LH:30
BRDA:15,0,0,4
BRDA:31,1,0,3
BRDA:26,2,0,2
BRDA:36,3,0,2
BRF:4
BRH:4
end_of_record
TN:
SF:src\stores\authStore.ts
FN:12,<instance_members_initializer>
FN:21,AuthStore
FN:26,fetchUser
FN:48,login
FN:75,register
FN:109,logout
FN:129,get isAuthenticated
FN:133,get isAdmin
FN:137,get isOwner
FN:141,get isCustomer
FN:145,isOwnerOfProperty
FN:149,get role
FNF:12
FNH:12
FNDA:6,<instance_members_initializer>
FNDA:6,AuthStore
FNDA:8,fetchUser
FNDA:2,login
FNDA:2,register
FNDA:1,logout
FNDA:9,get isAuthenticated
FNDA:1,get isAdmin
FNDA:8,get isOwner
FNDA:6,get isCustomer
FNDA:8,isOwnerOfProperty
FNDA:10,get role
DA:1,1
DA:2,1
DA:3,1
DA:12,1
DA:13,6
DA:14,6
DA:15,6
DA:16,6
DA:17,6
DA:18,6
DA:19,6
DA:21,6
DA:22,6
DA:23,6
DA:24,6
DA:26,6
DA:27,8
DA:28,8
DA:30,8
DA:31,8
DA:32,8
DA:33,8
DA:34,2
DA:35,2
DA:36,2
DA:37,7
DA:38,7
DA:39,7
DA:40,7
DA:41,8
DA:42,8
DA:43,8
DA:44,8
DA:45,8
DA:46,8
DA:48,6
DA:49,2
DA:50,2
DA:52,2
DA:53,2
DA:54,2
DA:55,2
DA:56,2
DA:57,2
DA:59,1
DA:60,1
DA:61,1
DA:62,1
DA:63,1
DA:64,1
DA:65,1
DA:66,1
DA:67,1
DA:68,2
DA:69,2
DA:70,2
DA:71,2
DA:72,2
DA:73,2
DA:75,6
DA:76,2
DA:77,2
DA:78,2
DA:79,2
DA:80,2
DA:81,2
DA:82,2
DA:84,2
DA:85,2
DA:86,2
DA:87,2
DA:88,2
DA:89,2
DA:90,2
DA:91,1
DA:92,1
DA:93,1
DA:94,1
DA:95,1
DA:96,1
DA:97,1
DA:98,1
DA:99,1
DA:100,1
DA:101,1
DA:102,2
DA:103,2
DA:104,2
DA:105,2
DA:106,2
DA:107,2
DA:109,6
DA:110,1
DA:112,1
DA:113,1
DA:114,1
DA:115,1
DA:116,1
DA:117,1
DA:118,1
DA:120,1
DA:121,1
DA:122,1
DA:123,1
DA:124,1
DA:125,1
DA:126,1
DA:127,1
DA:129,6
DA:130,9
DA:131,9
DA:133,6
DA:134,1
DA:135,1
DA:137,6
DA:138,8
DA:139,8
DA:141,6
DA:142,6
DA:143,6
DA:145,6
DA:146,8
DA:147,8
DA:149,6
DA:150,10
DA:151,10
DA:152,6
DA:154,1
LF:128
LH:128
BRDA:12,0,0,6
BRDA:21,1,0,6
BRDA:26,2,0,8
BRDA:33,3,0,7
BRDA:33,4,0,2
BRDA:34,5,0,2
BRDA:38,6,0,7
BRDA:42,7,0,8
BRDA:48,8,0,2
BRDA:57,9,0,1
BRDA:59,10,0,1
BRDA:65,11,0,1
BRDA:66,12,0,0
BRDA:69,13,0,2
BRDA:75,14,0,2
BRDA:90,15,0,1
BRDA:91,16,0,1
BRDA:99,17,0,1
BRDA:100,18,0,0
BRDA:103,19,0,2
BRDA:109,20,0,1
BRDA:118,21,0,0
BRDA:121,22,0,1
BRDA:129,23,0,9
BRDA:133,24,0,1
BRDA:137,25,0,8
BRDA:141,26,0,6
BRDA:145,27,0,8
BRDA:146,28,0,6
BRDA:149,29,0,10
BRF:30
BRH:27
end_of_record
TN:
SF:src\stores\locationStore.ts
FN:10,<instance_members_initializer>
FN:16,LocationStore
FN:20,setQuery
FN:36,selectSuggestion
FN:46,searchLocation
FN:71,cleanup
FNF:6
FNH:5
FNDA:7,<instance_members_initializer>
FNDA:7,LocationStore
FNDA:3,setQuery
FNDA:0,selectSuggestion
FNDA:1,searchLocation
FNDA:1,cleanup
DA:1,1
DA:2,1
DA:10,1
DA:11,7
DA:12,7
DA:13,7
DA:14,7
DA:16,7
DA:17,7
DA:18,7
DA:20,7
DA:21,3
DA:23,3
DA:24,1
DA:25,1
DA:27,3
DA:28,2
DA:29,1
DA:30,2
DA:31,3
DA:32,1
DA:33,1
DA:34,3
DA:36,7
DA:37,0
DA:38,0
DA:40,0
DA:41,0
DA:42,0
DA:43,0
DA:44,0
DA:46,7
DA:47,1
DA:48,1
DA:49,1
DA:50,1
DA:51,1
DA:52,1
DA:53,1
DA:54,1
DA:55,1
DA:56,1
DA:57,1
DA:58,1
DA:59,1
DA:60,1
DA:61,1
DA:62,1
DA:63,1
DA:64,1
DA:65,1
DA:66,1
DA:67,1
DA:68,1
DA:69,1
DA:71,7
DA:72,1
DA:73,1
DA:74,1
DA:75,1
DA:76,1
DA:77,1
DA:78,1
DA:79,7
DA:81,1
LF:65
LH:58
BRDA:10,0,0,7
BRDA:16,1,0,7
BRDA:20,2,0,3
BRDA:23,3,0,1
BRDA:27,4,0,2
BRDA:31,5,0,1
BRDA:28,6,0,1
BRDA:46,7,0,1
BRDA:59,8,0,1
BRDA:65,9,0,1
BRDA:71,10,0,1
BRF:11
BRH:11
end_of_record
TN:
SF:src\stores\reservationStore.ts
FN:10,<instance_members_initializer>
FN:23,ReservationStore
FN:27,reserveVilla
FN:52,getReservationsForCustomer
FN:75,getReservationsForVilla
FN:103,cancelReservation
FN:121,possibleToCancel
FN:134,setStartDate
FN:141,setEndDate
FN:150,calculateTotalPrice
FN:161,openReservationErrorPopUp
FN:167,closeReservationErrorPopUp
FN:173,restorePagination
FN:181,openDeletePopUp
FN:188,closeDeletePopUp
FN:195,clearError
FNF:16
FNH:12
FNDA:3,<instance_members_initializer>
FNDA:3,ReservationStore
FNDA:2,reserveVilla
FNDA:2,getReservationsForCustomer
FNDA:5,getReservationsForVilla
FNDA:2,cancelReservation
FNDA:0,possibleToCancel
FNDA:1,setStartDate
FNDA:1,setEndDate
FNDA:2,calculateTotalPrice
FNDA:1,openReservationErrorPopUp
FNDA:0,closeReservationErrorPopUp
FNDA:3,restorePagination
FNDA:0,openDeletePopUp
FNDA:0,closeDeletePopUp
FNDA:3,clearError
DA:1,1
DA:2,1
DA:3,1
DA:10,1
DA:11,3
DA:12,3
DA:13,3
DA:14,3
DA:15,3
DA:16,3
DA:17,3
DA:18,3
DA:19,3
DA:20,3
DA:21,3
DA:23,3
DA:24,3
DA:25,3
DA:27,3
DA:28,2
DA:29,2
DA:30,2
DA:31,2
DA:32,2
DA:33,2
DA:34,2
DA:35,2
DA:36,2
DA:37,2
DA:38,2
DA:39,1
DA:40,1
DA:41,1
DA:42,1
DA:43,1
DA:44,1
DA:45,1
DA:46,1
DA:47,1
DA:48,1
DA:49,1
DA:50,2
DA:52,3
DA:53,2
DA:54,2
DA:55,2
DA:56,2
DA:57,2
DA:58,2
DA:59,2
DA:60,2
DA:61,2
DA:62,1
DA:63,1
DA:64,1
DA:65,1
DA:66,1
DA:67,1
DA:68,1
DA:69,1
DA:70,1
DA:71,1
DA:72,1
DA:73,2
DA:75,3
DA:76,5
DA:77,5
DA:78,5
DA:79,5
DA:80,5
DA:81,5
DA:82,5
DA:83,5
DA:84,5
DA:85,5
DA:86,5
DA:87,5
DA:88,5
DA:89,1
DA:90,1
DA:92,1
DA:93,1
DA:94,1
DA:95,1
DA:96,1
DA:97,1
DA:98,1
DA:99,1
DA:100,1
DA:101,5
DA:103,3
DA:104,2
DA:105,2
DA:106,2
DA:107,2
DA:108,2
DA:109,1
DA:110,1
DA:111,1
DA:112,1
DA:113,1
DA:114,1
DA:115,1
DA:116,1
DA:117,1
DA:118,1
DA:119,2
DA:121,3
DA:122,0
DA:124,0
DA:125,0
DA:126,0
DA:127,0
DA:128,0
DA:129,0
DA:131,0
DA:132,0
DA:134,3
DA:135,1
DA:136,1
DA:137,1
DA:138,1
DA:139,1
DA:141,3
DA:142,1
DA:143,1
DA:144,1
DA:145,1
DA:146,1
DA:147,1
DA:148,1
DA:150,3
DA:151,2
DA:152,1
DA:153,1
DA:154,1
DA:155,1
DA:156,1
DA:157,1
DA:158,1
DA:159,2
DA:161,3
DA:162,1
DA:163,1
DA:164,1
DA:165,1
DA:167,3
DA:168,0
DA:169,0
DA:170,0
DA:171,0
DA:173,3
DA:174,3
DA:175,3
DA:176,3
DA:177,3
DA:178,3
DA:179,3
DA:181,3
DA:182,0
DA:183,0
DA:184,0
DA:185,0
DA:186,0
DA:188,3
DA:189,0
DA:190,0
DA:191,0
DA:192,0
DA:193,0
DA:195,3
DA:196,3
DA:197,3
DA:198,3
DA:199,3
DA:200,3
DA:202,1
LF:177
LH:154
BRDA:10,0,0,3
BRDA:23,1,0,3
BRDA:27,2,0,2
BRDA:38,3,0,1
BRDA:39,4,0,1
BRDA:45,5,0,1
BRDA:46,6,0,0
BRDA:52,7,0,2
BRDA:61,8,0,1
BRDA:62,9,0,1
BRDA:69,10,0,1
BRDA:70,11,0,0
BRDA:75,12,0,5
BRDA:88,13,0,1
BRDA:89,14,0,1
BRDA:97,15,0,1
BRDA:98,16,0,0
BRDA:103,17,0,2
BRDA:108,18,0,1
BRDA:109,19,0,1
BRDA:111,20,0,2
BRDA:115,21,0,1
BRDA:116,22,0,0
BRDA:134,23,0,1
BRDA:135,24,0,1
BRDA:141,25,0,1
BRDA:142,26,0,1
BRDA:150,27,0,2
BRDA:151,28,0,1
BRDA:151,29,0,1
BRDA:161,30,0,1
BRDA:162,31,0,1
BRDA:173,32,0,3
BRDA:174,33,0,3
BRDA:195,34,0,3
BRDA:196,35,0,3
BRF:36
BRH:32
end_of_record
TN:
SF:src\stores\villaStore.ts
FN:11,<instance_members_initializer>
FN:22,VillaStore
FN:26,fetchAll
FN:52,getVillaById
FN:72,updateVilla
FN:106,fetchVillasForOwner
FN:132,setSelectedVillaName
FN:140,setSelectedVillaPricePerNight
FN:148,setSelectedVillaDescription
FN:156,clearAddVillaRequest
FN:162,createVilla
FN:201,deleteVilla
FN:223,initCreateVillaRequest
FN:234,setCreateVillaName
FN:240,setCreateVillaPrice
FN:246,setCreateVillaCapacity
FN:252,setCreateVillaDescription
FN:258,setCreateVillaLocation
FN:264,setCreateVillaImage
FN:270,openDeletePopUp
FN:276,closeDeletePopUp
FN:282,clearError
FN:288,resetPagination
FNF:23
FNH:10
FNDA:6,<instance_members_initializer>
FNDA:6,VillaStore
FNDA:2,fetchAll
FNDA:4,getVillaById
FNDA:3,updateVilla
FNDA:2,fetchVillasForOwner
FNDA:0,setSelectedVillaName
FNDA:0,setSelectedVillaPricePerNight
FNDA:0,setSelectedVillaDescription
FNDA:11,clearAddVillaRequest
FNDA:0,createVilla
FNDA:2,deleteVilla
FNDA:17,initCreateVillaRequest
FNDA:0,setCreateVillaName
FNDA:0,setCreateVillaPrice
FNDA:0,setCreateVillaCapacity
FNDA:0,setCreateVillaDescription
FNDA:0,setCreateVillaLocation
FNDA:0,setCreateVillaImage
FNDA:0,openDeletePopUp
FNDA:0,closeDeletePopUp
FNDA:3,clearError
FNDA:0,resetPagination
DA:1,1
DA:2,1
DA:8,1
DA:9,1
DA:11,1
DA:12,6
DA:13,6
DA:14,6
DA:15,6
DA:16,6
DA:17,6
DA:18,6
DA:19,6
DA:20,6
DA:22,6
DA:23,6
DA:24,6
DA:26,6
DA:27,2
DA:28,2
DA:30,2
DA:31,2
DA:32,2
DA:33,2
DA:35,1
DA:36,1
DA:37,1
DA:38,1
DA:39,1
DA:40,1
DA:41,1
DA:42,1
DA:43,1
DA:44,1
DA:45,2
DA:46,2
DA:47,2
DA:48,2
DA:49,2
DA:50,2
DA:52,6
DA:53,4
DA:54,4
DA:56,4
DA:57,4
DA:58,1
DA:59,1
DA:60,1
DA:61,1
DA:62,1
DA:63,1
DA:64,1
DA:65,2
DA:66,2
DA:67,2
DA:68,2
DA:69,2
DA:70,4
DA:72,6
DA:73,3
DA:75,2
DA:76,2
DA:77,2
DA:78,2
DA:79,2
DA:81,2
DA:82,2
DA:84,2
DA:85,2
DA:86,2
DA:87,2
DA:88,2
DA:89,2
DA:91,1
DA:92,1
DA:93,1
DA:94,1
DA:95,1
DA:96,1
DA:97,1
DA:98,1
DA:99,3
DA:100,2
DA:101,2
DA:102,2
DA:103,2
DA:104,3
DA:106,6
DA:107,2
DA:108,2
DA:110,2
DA:111,2
DA:112,2
DA:113,2
DA:114,2
DA:115,1
DA:116,1
DA:117,1
DA:118,1
DA:119,1
DA:120,1
DA:121,1
DA:122,1
DA:123,1
DA:124,1
DA:125,2
DA:126,2
DA:127,2
DA:128,2
DA:129,2
DA:130,2
DA:132,6
DA:133,0
DA:134,0
DA:135,0
DA:136,0
DA:137,0
DA:138,0
DA:140,6
DA:141,0
DA:142,0
DA:143,0
DA:144,0
DA:145,0
DA:146,0
DA:148,6
DA:149,0
DA:150,0
DA:151,0
DA:152,0
DA:153,0
DA:154,0
DA:156,6
DA:157,11
DA:158,11
DA:159,11
DA:160,11
DA:162,6
DA:163,0
DA:165,0
DA:166,0
DA:168,0
DA:169,0
DA:170,0
DA:171,0
DA:172,0
DA:173,0
DA:174,0
DA:175,0
DA:176,0
DA:177,0
DA:178,0
DA:180,0
DA:181,0
DA:182,0
DA:183,0
DA:185,0
DA:186,0
DA:187,0
DA:188,0
DA:189,0
DA:190,0
DA:191,0
DA:192,0
DA:193,0
DA:194,0
DA:195,0
DA:196,0
DA:197,0
DA:198,0
DA:199,0
DA:201,6
DA:202,2
DA:203,2
DA:204,2
DA:205,2
DA:206,2
DA:207,2
DA:209,1
DA:210,1
DA:211,1
DA:212,1
DA:213,1
DA:214,1
DA:215,1
DA:216,2
DA:217,2
DA:218,2
DA:219,2
DA:220,2
DA:221,2
DA:223,6
DA:224,17
DA:225,17
DA:226,17
DA:227,17
DA:228,17
DA:229,17
DA:230,17
DA:231,17
DA:232,17
DA:234,6
DA:235,0
DA:236,0
DA:237,0
DA:238,0
DA:240,6
DA:241,0
DA:242,0
DA:243,0
DA:244,0
DA:246,6
DA:247,0
DA:248,0
DA:249,0
DA:250,0
DA:252,6
DA:253,0
DA:254,0
DA:255,0
DA:256,0
DA:258,6
DA:259,0
DA:260,0
DA:261,0
DA:262,0
DA:264,6
DA:265,0
DA:266,0
DA:267,0
DA:268,0
DA:270,6
DA:271,0
DA:272,0
DA:273,0
DA:274,0
DA:276,6
DA:277,0
DA:278,0
DA:279,0
DA:280,0
DA:282,6
DA:283,3
DA:284,3
DA:285,3
DA:286,3
DA:288,6
DA:289,0
DA:290,0
DA:291,0
DA:292,0
DA:293,0
DA:294,0
DA:295,6
DA:297,1
LF:255
LH:166
BRDA:11,0,0,6
BRDA:22,1,0,6
BRDA:26,2,0,2
BRDA:33,3,0,1
BRDA:35,4,0,1
BRDA:42,5,0,1
BRDA:43,6,0,0
BRDA:46,7,0,2
BRDA:52,8,0,4
BRDA:57,9,0,2
BRDA:57,10,0,1
BRDA:58,11,0,1
BRDA:62,12,0,1
BRDA:63,13,0,0
BRDA:66,14,0,2
BRDA:72,15,0,3
BRDA:73,16,0,1
BRDA:73,17,0,2
BRDA:89,18,0,1
BRDA:99,19,0,2
BRDA:91,20,0,1
BRDA:96,21,0,1
BRDA:97,22,0,0
BRDA:100,23,0,2
BRDA:106,24,0,2
BRDA:114,25,0,1
BRDA:115,26,0,1
BRDA:122,27,0,1
BRDA:123,28,0,0
BRDA:126,29,0,2
BRDA:156,30,0,11
BRDA:157,31,0,11
BRDA:201,32,0,2
BRDA:207,33,0,1
BRDA:209,34,0,1
BRDA:210,35,0,2
BRDA:213,36,0,1
BRDA:214,37,0,0
BRDA:217,38,0,2
BRDA:223,39,0,17
BRDA:282,40,0,3
BRDA:283,41,0,3
BRF:42
BRH:37
end_of_record
